<?xml version="1.0" encoding="UTF-8"?>
<testng-results skipped="0" failed="0" ignored="0" total="1" passed="1">
  <reporter-output>
  </reporter-output>
  <suite name="Default suite" duration-ms="55168" started-at="2020-06-02T06:07:32Z" finished-at="2020-06-02T06:08:27Z">
    <groups>
    </groups>
    <test name="Default test" duration-ms="55168" started-at="2020-06-02T06:07:32Z" finished-at="2020-06-02T06:08:27Z">
      <class name="com.generic.SwitchFromWebToNative">
        <test-method status="PASS" signature="setupstart()[pri:0, instance:com.generic.SwitchFromWebToNative@204f30ec]" name="setupstart" is-config="true" duration-ms="24150" started-at="2020-06-02T06:07:32Z" finished-at="2020-06-02T06:07:56Z">
          <reporter-output>
          </reporter-output>
        </test-method> <!-- setupstart -->
        <test-method status="PASS" signature="LaunchApps()[pri:0, instance:com.generic.SwitchFromWebToNative@204f30ec]" name="LaunchApps" duration-ms="30912" started-at="2020-06-02T06:07:56Z" finished-at="2020-06-02T06:08:27Z">
          <reporter-output>
          </reporter-output>
        </test-method> <!-- LaunchApps -->
        <test-method status="FAIL" signature="closeApp()[pri:0, instance:com.generic.SwitchFromWebToNative@204f30ec]" name="closeApp" is-config="true" duration-ms="47" started-at="2020-06-02T06:08:27Z" finished-at="2020-06-02T06:08:27Z">
          <exception class="org.openqa.selenium.UnsupportedCommandException">
            <message>
              <![CDATA[Method has not yet been implemented
Build info: version: '3.141.59', revision: 'e82be7d358', time: '2018-11-14T08:17:03'
System info: host: 'DESKTOP-QRBN4ME', ip: '10.10.11.73', os.name: 'Windows 10', os.arch: 'amd64', os.version: '10.0', java.version: '1.8.0_181'
Driver info: io.appium.java_client.android.AndroidDriver
Capabilities {appActivity: com.google.android.apps.chr..., appPackage: com.android.chrome, automationName: Appium, databaseEnabled: false, desired: {appActivity: com.google.android.apps.chr..., appPackage: com.android.chrome, automationName: Appium, deviceName: emulator-5554, fullReset: false, noReset: false, platformName: android}, deviceManufacturer: Google, deviceModel: Android SDK built for x86, deviceName: emulator-5554, deviceScreenSize: 720x1280, deviceUDID: emulator-5554, fullReset: false, javascriptEnabled: true, locationContextEnabled: false, networkConnectionEnabled: true, noReset: false, platform: LINUX, platformName: Android, platformVersion: 10, takesScreenshot: true, warnings: {}, webStorageEnabled: false}
Session ID: a5b9674a-cc68-42b5-b858-979e9036585a]]>
            </message>
            <full-stacktrace>
              <![CDATA[org.openqa.selenium.UnsupportedCommandException: Method has not yet been implemented
Build info: version: '3.141.59', revision: 'e82be7d358', time: '2018-11-14T08:17:03'
System info: host: 'DESKTOP-QRBN4ME', ip: '10.10.11.73', os.name: 'Windows 10', os.arch: 'amd64', os.version: '10.0', java.version: '1.8.0_181'
Driver info: io.appium.java_client.android.AndroidDriver
Capabilities {appActivity: com.google.android.apps.chr..., appPackage: com.android.chrome, automationName: Appium, databaseEnabled: false, desired: {appActivity: com.google.android.apps.chr..., appPackage: com.android.chrome, automationName: Appium, deviceName: emulator-5554, fullReset: false, noReset: false, platformName: android}, deviceManufacturer: Google, deviceModel: Android SDK built for x86, deviceName: emulator-5554, deviceScreenSize: 720x1280, deviceUDID: emulator-5554, fullReset: false, javascriptEnabled: true, locationContextEnabled: false, networkConnectionEnabled: true, noReset: false, platform: LINUX, platformName: Android, platformVersion: 10, takesScreenshot: true, warnings: {}, webStorageEnabled: false}
Session ID: a5b9674a-cc68-42b5-b858-979e9036585a
at sun.reflect.NativeConstructorAccessorImpl.newInstance0(Native Method)
at sun.reflect.NativeConstructorAccessorImpl.newInstance(Unknown Source)
at sun.reflect.DelegatingConstructorAccessorImpl.newInstance(Unknown Source)
at java.lang.reflect.Constructor.newInstance(Unknown Source)
at org.openqa.selenium.remote.http.W3CHttpResponseCodec.createException(W3CHttpResponseCodec.java:187)
at org.openqa.selenium.remote.http.W3CHttpResponseCodec.decode(W3CHttpResponseCodec.java:122)
at org.openqa.selenium.remote.http.W3CHttpResponseCodec.decode(W3CHttpResponseCodec.java:49)
at org.openqa.selenium.remote.HttpCommandExecutor.execute(HttpCommandExecutor.java:158)
at io.appium.java_client.remote.AppiumCommandExecutor.execute(AppiumCommandExecutor.java:239)
at org.openqa.selenium.remote.RemoteWebDriver.execute(RemoteWebDriver.java:552)
at io.appium.java_client.DefaultGenericMobileDriver.execute(DefaultGenericMobileDriver.java:46)
at io.appium.java_client.AppiumDriver.execute(AppiumDriver.java:1)
at io.appium.java_client.android.AndroidDriver.execute(AndroidDriver.java:1)
at org.openqa.selenium.remote.RemoteWebDriver.close(RemoteWebDriver.java:442)
at com.generic.SwitchFromWebToNative.closeApp(SwitchFromWebToNative.java:90)
at sun.reflect.NativeMethodAccessorImpl.invoke0(Native Method)
at sun.reflect.NativeMethodAccessorImpl.invoke(Unknown Source)
at sun.reflect.DelegatingMethodAccessorImpl.invoke(Unknown Source)
at java.lang.reflect.Method.invoke(Unknown Source)
at org.testng.internal.MethodInvocationHelper.invokeMethod(MethodInvocationHelper.java:124)
at org.testng.internal.MethodInvocationHelper.invokeMethodConsideringTimeout(MethodInvocationHelper.java:59)
at org.testng.internal.Invoker.invokeConfigurationMethod(Invoker.java:458)
at org.testng.internal.Invoker.invokeConfigurations(Invoker.java:222)
at org.testng.internal.Invoker.invokeConfigurations(Invoker.java:142)
at org.testng.TestRunner.afterRun(TestRunner.java:725)
at org.testng.TestRunner.run(TestRunner.java:509)
at org.testng.SuiteRunner.runTest(SuiteRunner.java:455)
at org.testng.SuiteRunner.runSequentially(SuiteRunner.java:450)
at org.testng.SuiteRunner.privateRun(SuiteRunner.java:415)
at org.testng.SuiteRunner.run(SuiteRunner.java:364)
at org.testng.SuiteRunnerWorker.runSuite(SuiteRunnerWorker.java:52)
at org.testng.SuiteRunnerWorker.run(SuiteRunnerWorker.java:84)
at org.testng.TestNG.runSuitesSequentially(TestNG.java:1208)
at org.testng.TestNG.runSuitesLocally(TestNG.java:1137)
at org.testng.TestNG.runSuites(TestNG.java:1049)
at org.testng.TestNG.run(TestNG.java:1017)
at org.testng.remote.AbstractRemoteTestNG.run(AbstractRemoteTestNG.java:115)
at org.testng.remote.RemoteTestNG.initAndRun(RemoteTestNG.java:251)
at org.testng.remote.RemoteTestNG.main(RemoteTestNG.java:77)
]]>
            </full-stacktrace>
          </exception> <!-- org.openqa.selenium.UnsupportedCommandException -->
          <reporter-output>
          </reporter-output>
        </test-method> <!-- closeApp -->
      </class> <!-- com.generic.SwitchFromWebToNative -->
    </test> <!-- Default test -->
  </suite> <!-- Default suite -->
</testng-results>
